<?xml version="1.0" encoding="UTF-8"?>
<!-- Generated by org.testng.reporters.JUnitXMLReporter -->
<testsuite ignored="0" hostname="LAPTOP-D7U7COS2" failures="0" tests="4" name="Test" time="19.045" errors="0" timestamp="2024-12-20T16:18:27 IST">
  <testcase classname="api.test.UserTest2" name="testPostUser" time="11.696"/>
  <testcase classname="api.test.UserTest2" name="testGetUser" time="1.434"/>
  <testcase classname="api.test.UserTest2" name="testupdateUser" time="2.654"/>
  <testcase classname="api.test.UserTest2" name="testDeleteuser" time="1.223"/>
</testsuite> <!-- Test -->
