<?xml version="1.0" encoding="UTF-8"?>
<!-- Generated by org.testng.reporters.JUnitXMLReporter -->
<testsuite ignored="0" hostname="LAPTOP-D7U7COS2" failures="0" tests="4" name="Test" time="14.47" errors="0" timestamp="2024-12-20T16:47:26 IST">
  <testcase classname="api.test.UserTest" name="testPostUser" time="8.166"/>
  <testcase classname="api.test.UserTest" name="testGetUser" time="1.601"/>
  <testcase classname="api.test.UserTest" name="testupdateUser" time="2.54"/>
  <testcase classname="api.test.UserTest" name="testDeleteuser" time="1.311"/>
</testsuite> <!-- Test -->
