<?xml version="1.0" encoding="UTF-8"?>
<testng-results ignored="0" total="4" passed="4" failed="0" skipped="0">
  <reporter-output>
  </reporter-output>
  <suite started-at="2024-12-20T16:47:12 IST" name="Suite" finished-at="2024-12-20T16:47:26 IST" duration-ms="14470">
    <groups>
    </groups>
    <test started-at="2024-12-20T16:47:12 IST" name="Test" finished-at="2024-12-20T16:47:26 IST" duration-ms="14470">
      <class name="api.test.UserTest">
        <test-method is-config="true" signature="Createdate()[pri:0, instance:api.test.UserTest@421bba99]" started-at="2024-12-20T16:47:12 IST" name="Createdate" finished-at="2024-12-20T16:47:12 IST" duration-ms="692" status="PASS">
          <reporter-output>
          </reporter-output>
        </test-method> <!-- Createdate -->
        <test-method signature="testPostUser()[pri:0, instance:api.test.UserTest@421bba99]" started-at="2024-12-20T16:47:12 IST" name="testPostUser" finished-at="2024-12-20T16:47:21 IST" duration-ms="8166" status="PASS">
          <reporter-output>
          </reporter-output>
        </test-method> <!-- testPostUser -->
        <test-method signature="testGetUser()[pri:2, instance:api.test.UserTest@421bba99]" started-at="2024-12-20T16:47:21 IST" name="testGetUser" finished-at="2024-12-20T16:47:22 IST" duration-ms="1601" status="PASS">
          <reporter-output>
          </reporter-output>
        </test-method> <!-- testGetUser -->
        <test-method signature="testupdateUser()[pri:3, instance:api.test.UserTest@421bba99]" started-at="2024-12-20T16:47:22 IST" name="testupdateUser" finished-at="2024-12-20T16:47:25 IST" duration-ms="2540" status="PASS">
          <reporter-output>
          </reporter-output>
        </test-method> <!-- testupdateUser -->
        <test-method signature="testDeleteuser()[pri:4, instance:api.test.UserTest@421bba99]" started-at="2024-12-20T16:47:25 IST" name="testDeleteuser" finished-at="2024-12-20T16:47:26 IST" duration-ms="1311" status="PASS">
          <reporter-output>
          </reporter-output>
        </test-method> <!-- testDeleteuser -->
      </class> <!-- api.test.UserTest -->
    </test> <!-- Test -->
  </suite> <!-- Suite -->
</testng-results>
