<?xml version="1.0" encoding="UTF-8"?>
<testsuite xmlns:xsi="http://www.w3.org/2001/XMLSchema-instance" xsi:noNamespaceSchemaLocation="https://maven.apache.org/surefire/maven-surefire-plugin/xsd/surefire-test-report.xsd" version="3.0.2" name="TestSuite" time="18.237" tests="4" errors="0" skipped="0" failures="0">
  <properties>
[...]
</properties>
  <testcase name="testPostUser" classname="api.test.UserTest" time="8.248">
    <system-out><![CDATA[HTTP/1.1 200 OK
Date: Fri, 20 Dec 2024 11:17:21 GMT
Content-Type: application/json
Transfer-Encoding: chunked
Connection: keep-alive
Access-Control-Allow-Origin: *
Access-Control-Allow-Methods: GET, POST, DELETE, PUT
Access-Control-Allow-Headers: Content-Type, api_key, Authorization
Server: Jetty(9.2.9.v20150224)

{
    "code": 200,
    "type": "unknown",
    "message": "130211746"
}
]]></system-out>
  </testcase>
  <testcase name="testGetUser" classname="api.test.UserTest" time="1.575">
    <system-out><![CDATA[{
    "id": 130211746,
    "username": "wallace.walsh",
    "lastName": "Stoltenberg",
    "email": "kimberly.marks@gmail.com",
    "password": "qu6o57duv",
    "phone": "1-196-886-3780",
    "userStatus": 0
}
]]></system-out>
  </testcase>
  <testcase name="testupdateUser" classname="api.test.UserTest" time="2.542">
    <system-out><![CDATA[HTTP/1.1 200 OK
Date: Fri, 20 Dec 2024 11:17:24 GMT
Content-Type: application/json
Transfer-Encoding: chunked
Connection: keep-alive
Access-Control-Allow-Origin: *
Access-Control-Allow-Methods: GET, POST, DELETE, PUT
Access-Control-Allow-Headers: Content-Type, api_key, Authorization
Server: Jetty(9.2.9.v20150224)

{
    "code": 200,
    "type": "unknown",
    "message": "130211746"
}
HTTP/1.1 200 OK
Date: Fri, 20 Dec 2024 11:17:25 GMT
Content-Type: application/json
Transfer-Encoding: chunked
Connection: keep-alive
Access-Control-Allow-Origin: *
Access-Control-Allow-Methods: GET, POST, DELETE, PUT
Access-Control-Allow-Headers: Content-Type, api_key, Authorization
Server: Jetty(9.2.9.v20150224)

{
    "id": 130211746,
    "username": "wallace.walsh",
    "lastName": "McCullough",
    "email": "nakita.mckenzie@yahoo.com",
    "password": "npto9v2",
    "phone": "653-237-6257",
    "userStatus": 0
}
]]></system-out>
  </testcase>
  <testcase name="testDeleteuser" classname="api.test.UserTest" time="1.271"/>
</testsuite>