<?xml version="1.0" encoding="UTF-8"?>
<testng-results ignored="0" total="3" passed="3" failed="0" skipped="0">
  <reporter-output>
  </reporter-output>
  <suite started-at="2024-12-20T16:34:55 IST" name="Default suite" finished-at="2024-12-20T16:35:09 IST" duration-ms="14310">
    <groups>
    </groups>
    <test started-at="2024-12-20T16:34:55 IST" name="Default test" finished-at="2024-12-20T16:35:09 IST" duration-ms="14310">
      <class name="api.test.UserTest2">
        <test-method is-config="true" signature="Createdate()[pri:0, instance:api.test.UserTest2@45815ffc]" started-at="2024-12-20T16:34:55 IST" name="Createdate" finished-at="2024-12-20T16:34:56 IST" duration-ms="1045" status="PASS">
          <reporter-output>
          </reporter-output>
        </test-method> <!-- Createdate -->
        <test-method signature="testPostUser()[pri:0, instance:api.test.UserTest2@45815ffc]" started-at="2024-12-20T16:34:56 IST" name="testPostUser" finished-at="2024-12-20T16:35:04 IST" duration-ms="8559" status="PASS">
          <reporter-output>
          </reporter-output>
        </test-method> <!-- testPostUser -->
        <test-method signature="testGetUser()[pri:2, instance:api.test.UserTest2@45815ffc]" started-at="2024-12-20T16:35:05 IST" name="testGetUser" finished-at="2024-12-20T16:35:06 IST" duration-ms="1361" status="PASS">
          <reporter-output>
          </reporter-output>
        </test-method> <!-- testGetUser -->
        <test-method signature="testupdateUser()[pri:3, instance:api.test.UserTest2@45815ffc]" started-at="2024-12-20T16:35:06 IST" name="testupdateUser" finished-at="2024-12-20T16:35:09 IST" duration-ms="2721" status="PASS">
          <reporter-output>
          </reporter-output>
        </test-method> <!-- testupdateUser -->
      </class> <!-- api.test.UserTest2 -->
    </test> <!-- Default test -->
  </suite> <!-- Default suite -->
</testng-results>
